make all --print-data-base --no-builtin-variables --no-builtin-rules --question
# GNU Make 3.81
# Copyright (C) 2006  Free Software Foundation, Inc.
# This is free software; see the source for copying conditions.
# There is NO warranty; not even for MERCHANTABILITY or FITNESS FOR A
# PARTICULAR PURPOSE.

# This program built for i386-apple-darwin11.3.0
 
make: *** No rule to make target `all'.  Stop.


# Make data base, printed on Wed Apr 20 09:21:59 2022

# Variables

# automatic
<D = $(patsubst %/,%,$(dir $<))
# automatic
?F = $(notdir $?)
# makefile (from `makefile', line 4)
OBJ = Paziente.o Dottore.o PoliambulatorioDriver.o
# environment
VSCODE_LOG_NATIVE = false
# automatic
?D = $(patsubst %/,%,$(dir $?))
# automatic
@D = $(patsubst %/,%,$(dir $@))
# automatic
@F = $(notdir $@)
# makefile
CURDIR := /Users/cameretta/Library/CloudStorage/OneDrive-UniversitàdiNapoliFedericoII/Università/2.2/Programmazione1/EserciziSlideP1/PoliambulatorioESAME0325
# makefile
 
SHELL = /bin/sh
# environment
VSCODE_NLS_CONFIG = {"locale":"it","availableLanguages":{"*":"it"},"_languagePackId":"bf5b1b4990ee4163837da031589a68cd.it","_translationsConfigFile":"/Users/cameretta/Library/Application Support/Code/clp/bf5b1b4990ee4163837da031589a68cd.it/tcf.json","_cacheRoot":"/Users/cameretta/Library/Application Support/Code/clp/bf5b1b4990ee4163837da031589a68cd.it","_resolvedLanguagePackCoreLocation":"/Users/cameretta/Library/Application Support/Code/clp/bf5b1b4990ee4163837da031589a68cd.it/dfd34e8260c270da74b5c2d86d61aee4b6d56977","_corruptedFile":"/Users/cameretta/Library/Application Support/Code/clp/bf5b1b4990ee4163837da031589a68cd.it/corrupted.info","_languagePackSupport":true}
# environment
_ = /usr/bin/make
# makefile (from `makefile', line 2)
CFLAGS = -std=c++11 -Wall -pedantic
# makefile (from `makefile', line 1)
MAKEFILE_LIST :=  makefile
# environment
VSCODE_VERBOSE_LOGGING = true
# environment
__CFBundleIdentifier = com.microsoft.VSCode
# environment
VSCODE_IPC_HOOK_EXTHOST = /var/folders/w1/qcmgt_997lb7sk1cxl4p44_w0000gn/T/vscode-ipc-2395e3d3-8649-4f3b-b941-df9c821e2fb1.sock
# environment
VSCODE_CWD = /
# environment
PATH = /Library/Frameworks/Python.framework/Versions/3.8/bin:/Library/Frameworks/Python.framework/Versions/3.10/bin:/usr/local/bin:/usr/bin:/bin:/usr/sbin:/sbin:/Library/TeX/texbin:/Library/Apple/usr/bin
# environment
LSCOLORS = Gxfxcxdxbxegedabagacad
# environment
VSCODE_LOG_STACK = false
# environment
ELECTRON_RUN_AS_NODE = 1
# default
.FEATURES := target-specific order-only second-expansion else-if archives jobserver check-symlink
# environment
SSH_AUTH_SOCK = /private/tmp/com.apple.launchd.SQVMUkROZR/Listeners
# automatic
%F = $(notdir $%)
# environment
VSCODE_PIPE_LOGGING = true
# environment
PWD = /Users/cameretta/Library/CloudStorage/OneDrive-UniversitàdiNapoliFedericoII/Università/2.2/Programmazione1/EserciziSlideP1/PoliambulatorioESAME0325
# environment
ORIGINAL_XDG_CURRENT_DESKTOP = undefined
# environment
VSCODE_AMD_ENTRYPOINT = vs/workbench/api/node/extensionHostProcess
# environment
HOME = /Users/cameretta
# default
MAKEFILEPATH = $(shell /usr/bin/xcode-select -print-path 2>/dev/null || echo /Developer)/Makefiles
# environment
VSCODE_CODE_CACHE_PATH = /Users/cameretta/Library/Application Support/Code/CachedData/dfd34e8260c270da74b5c2d86d61aee4b6d56977
# environment
LOGNAME = cameretta
# environment
APPLICATION_INSIGHTS_NO_DIAGNOSTIC_CHANNEL = 1
# environment
ZSH = /Users/cameretta/.oh-my-zsh
# environment
VSCODE_HANDLES_UNCAUGHT_ERRORS = true
# automatic
^D = $(patsubst %/,%,$(dir $^))
# environment
XPC_FLAGS = 0x0
# default
MAKE = $(MAKE_COMMAND)
# default
MAKECMDGOALS := all
# environment
SHLVL = 1
# makefile (from `makefile', line 1)
CC = g++
# default
MAKE_VERSION := 3.81
# environment
USER = cameretta
# makefile
.DEFAULT_GOAL := PoliambulatorioDriver
# environment
LESS = -R
# automatic
%D = $(patsubst %/,%,$(dir $%))
# default
MAKE_COMMAND := /Library/Developer/CommandLineTools/usr/bin/make
# default
.VARIABLES := 
# environment
TMPDIR = /var/folders/w1/qcmgt_997lb7sk1cxl4p44_w0000gn/T/
# automatic
*F = $(notdir $*)
# environment
VSCODE_IPC_HOOK = /Users/cameretta/Library/Application Support/Code/1.66.2-main.sock
# makefile
MAKEFLAGS = Rrqp
# environment
MFLAGS = -Rrqp
# automatic
*D = $(patsubst %/,%,$(dir $*))
# environment
XPC_SERVICE_NAME = application.com.microsoft.VSCode.23195686.23195692
# automatic
+D = $(patsubst %/,%,$(dir $+))
# automatic
+F = $(notdir $+)
# environment
__CF_USER_TEXT_ENCODING = 0x1F5:0:0
# environment
COMMAND_MODE = unix2003
# default
MAKEFILES := 
# automatic
<F = $(notdir $<)
# environment
PAGER = less
# environment
LC_ALL = C
# automatic
^F = $(notdir $^)
# makefile (from `makefile', line 3)
DEPS = CNode.h CLinkedList.h CLinkedList.cpp LinkedQueue.h LinkedQueue.cpp Paziente.h Dottore.h
# default
SUFFIXES := 
# default
.INCLUDE_DIRS = /usr/local/include
# environment
MAKELEVEL := 0
# environment
LANG = C
# environment
VSCODE_PID = 1190
# variable set hash-table stats:
# Load=70/1024=7%, Rehash=0, Collisions=3/96=3%

# Pattern-specific Variable Values

# No pattern-specific variable values.

# Directories

# . (device 16777233, inode 23454446): 22 files, no impossibilities.

# 22 files, no impossibilities in 1 directories.

# Implicit Rules

%.o: %.cpp CNode.h CLinkedList.h CLinkedList.cpp LinkedQueue.h LinkedQueue.cpp Paziente.h Dottore.h
#  commands to execute (from `makefile', line 7):
	${CC} -c -o $@ $< ${CFLAGS}
	

# 1 implicit rules, 0 (0.0%) terminal.

# Files

# Not a target:
all:
#  Command-line target.
#  Implicit rule search has been done.
#  File does not exist.
#  File has not been updated.
# variable set hash-table stats:
# Load=0/32=0%, Rehash=0, Collisions=0/0=0%

# Not a target:
.SUFFIXES:
#  Implicit rule search has not been done.
#  Modification time never checked.
#  File has not been updated.

# Not a target:
makefile:
#  Implicit rule search has been done.
#  Last modified 2022-04-20 09:21:51
#  File has been updated.
#  Successfully updated.
# variable set hash-table stats:
# Load=0/32=0%, Rehash=0, Collisions=0/0=0%

# Not a target:
.DEFAULT:
#  Implicit rule search has not been done.
#  Modification time never checked.
#  File has not been updated.

# Not a target:
PoliambulatorioDriver.o:
#  Implicit rule search has not been done.
#  Modification time never checked.
#  File has not been updated.

PoliambulatorioDriver: Paziente.o Dottore.o PoliambulatorioDriver.o
#  Implicit rule search has not been done.
#  Modification time never checked.
#  File has not been updated.
#  commands to execute (from `makefile', line 9):
	${CC} -o $@ $^ ${CFLAGS}
	

# Not a target:
Dottore.o:
#  Implicit rule search has not been done.
#  Modification time never checked.
#  File has not been updated.

# Not a target:
Paziente.o:
#  Implicit rule search has not been done.
#  Modification time never checked.
#  File has not been updated.

# files hash-table stats:
# Load=8/1024=1%, Rehash=0, Collisions=0/23=0%
# VPATH Search Paths

# No `vpath' search paths.

# No general (`VPATH' variable) search path.

# # of strings in strcache: 1
# # of strcache buffers: 1
# strcache size: total = 4096 / max = 4096 / min = 4096 / avg = 4096
# strcache free: total = 4087 / max = 4087 / min = 4087 / avg = 4087

# Finished Make data base on Wed Apr 20 09:21:59 2022

 
